<?xml version="1.0" encoding="UTF-8" standalone="no"?>
<testsuite failures="0" name="cucumber.runtime.formatter.JUnitFormatter" skipped="0" tests="3" time="284.208488">
<testcase classname="Automation Testing of Realestate website" name="Property fields" time="100.758059">
<system-out><![CDATA[Given admin is on the login page............................................passed
When admin will enter the username "amit92luthra" and password "admin@987654321".passed
And admin will click on the sign in button..................................passed
Then will redirected to the dashboard.......................................passed
Then click on Properties and click on Add New...............................passed
Given admin is at Property fields...........................................passed
When admin click on price filed and enter "1234" in this step...............passed
Then admin enter the Price per sq meter/sq ft "1234"........................passed
Then select the anyone of the offer type "For Rent".........................passed
Then select the anyone of the property type "Apartments"....................passed
And click on main details field and enter "123jkhjdslha","y13t4ey45" and "tyt456ujed".passed
And click on location field and enter address "123-23Ajkh",Google Maps Address "hyderabad".passed
And admin click on Details field and enter storage room details here "storage_rm".passed
Then admin click on video and enter video details here "vid"................passed
]]></system-out>
</testcase>
<testcase classname="Automation Testing of Realestate website" name="Property fields 2" time="87.721284">
<system-out><![CDATA[Given admin is on the login page............................................passed
When admin will enter the username "amit92luthra" and password "admin@987654321".passed
And admin will click on the sign in button..................................passed
Then will redirected to the dashboard.......................................passed
Then click on Properties and click on Add New...............................passed
Given admin is at Property fields...........................................passed
When admin click on price filed and enter "" in this step...................passed
Then admin enter the Price per sq meter/sq ft ""............................passed
Then select the anyone of the offer type "For Lease"........................passed
Then select the anyone of the property type "Villas"........................passed
And click on main details field and enter "","" and ""......................passed
And click on location field and enter address "",Google Maps Address "".....passed
And admin click on Details field and enter storage room details here "".....passed
Then admin click on video and enter video details here ""...................passed
]]></system-out>
</testcase>
<testcase classname="Automation Testing of Realestate website" name="Property fields 3" time="95.729145">
<system-out><![CDATA[Given admin is on the login page............................................passed
When admin will enter the username "amit92luthra" and password "admin@987654321".passed
And admin will click on the sign in button..................................passed
Then will redirected to the dashboard.......................................passed
Then click on Properties and click on Add New...............................passed
Given admin is at Property fields...........................................passed
When admin click on price filed and enter "$1,234" in this step.............passed
Then admin enter the Price per sq meter/sq ft "1234"........................passed
Then select the anyone of the offer type "For Lease"........................passed
Then select the anyone of the property type "Villas"........................passed
And click on main details field and enter "123jkhjdslha","y13t4ey45" and "tyt456ujed".passed
And click on location field and enter address "123-23Ajkh",Google Maps Address "jhgslga".passed
And admin click on Details field and enter storage room details here "".....passed
Then admin click on video and enter video details here ""...................passed
]]></system-out>
</testcase>
</testsuite>
